[    0.000000] Initializing cgroup subsys cpuset
[    0.000000] Initializing cgroup subsys cpu
[    0.000000] Initializing cgroup subsys cpuacct
[    0.000000] Linux version 4.4.0-210-generic (buildd@lgw01-amd64-009) (gcc version 5.4.0 20160609 (Ubuntu 5.4.0-6ubuntu1~16.04.12) ) #242-Ubuntu SMP Fri Apr 16 09:57:56 UTC 2021 (Ubuntu 4.4.0-210.242-generic 4.4.262)
[    0.000000] Command line: BOOT_IMAGE=/boot/vmlinuz-4.4.0-210-generic root=LABEL=cloudimg-rootfs ro console=tty1 console=ttyS0
[    0.000000] KERNEL supported cpus:
[    0.000000]   Intel GenuineIntel
[    0.000000]   AMD AuthenticAMD
[    0.000000]   Centaur CentaurHauls
[    0.000000] x86/fpu: xstate_offset[2]:  576, xstate_sizes[2]:  256
[    0.000000] x86/fpu: Supporting XSAVE feature 0x01: 'x87 floating point registers'
[    0.000000] x86/fpu: Supporting XSAVE feature 0x02: 'SSE registers'
[    0.000000] x86/fpu: Supporting XSAVE feature 0x04: 'AVX registers'
[    0.000000] x86/fpu: Enabled xstate features 0x7, context size is 832 bytes, using 'standard' format.
[    0.000000] e820: BIOS-provided physical RAM map:
[    0.000000] BIOS-e820: [mem 0x0000000000000000-0x000000000009fbff] usable
[    0.000000] BIOS-e820: [mem 0x000000000009fc00-0x000000000009ffff] reserved
[    0.000000] BIOS-e820: [mem 0x00000000000f0000-0x00000000000fffff] reserved
[    0.000000] BIOS-e820: [mem 0x0000000000100000-0x000000001ffeffff] usable
[    0.000000] BIOS-e820: [mem 0x000000001fff0000-0x000000001fffffff] ACPI data
[    0.000000] BIOS-e820: [mem 0x00000000fec00000-0x00000000fec00fff] reserved
[    0.000000] BIOS-e820: [mem 0x00000000fee00000-0x00000000fee00fff] reserved
[    0.000000] BIOS-e820: [mem 0x00000000fffc0000-0x00000000ffffffff] reserved
[    0.000000] NX (Execute Disable) protection: active
[    0.000000] SMBIOS 2.5 present.
[    0.000000] Hypervisor detected: KVM
[    0.000000] e820: last_pfn = 0x1fff0 max_arch_pfn = 0x400000000
[    0.000000] MTRR: Disabled
[    0.000000] x86/PAT: MTRRs disabled, skipping PAT initialization too.
[    0.000000] CPU MTRRs all blank - virtualized system.
[    0.000000] x86/PAT: Configuration [0-7]: WB  WT  UC- UC  WB  WT  UC- UC  
[    0.000000] found SMP MP-table at [mem 0x0009fff0-0x0009ffff] mapped at [ffff88000009fff0]
[    0.000000] Scanning 1 areas for low memory corruption
[    0.000000] RAMDISK: [mem 0x1e8c2000-0x1f74bfff]
[    0.000000] ACPI: Early table checksum verification disabled
[    0.000000] ACPI: RSDP 0x00000000000E0000 000024 (v02 VBOX  )
[    0.000000] ACPI: XSDT 0x000000001FFF0030 00003C (v01 VBOX   VBOXXSDT 00000001 ASL  00000061)
[    0.000000] ACPI: FACP 0x000000001FFF00F0 0000F4 (v04 VBOX   VBOXFACP 00000001 ASL  00000061)
[    0.000000] ACPI: DSDT 0x000000001FFF0470 002325 (v02 VBOX   VBOXBIOS 00000002 INTL 20100528)
[    0.000000] ACPI: FACS 0x000000001FFF0200 000040
[    0.000000] ACPI: FACS 0x000000001FFF0200 000040
[    0.000000] ACPI: APIC 0x000000001FFF0240 00005C (v02 VBOX   VBOXAPIC 00000001 ASL  00000061)
[    0.000000] ACPI: SSDT 0x000000001FFF02A0 0001CC (v01 VBOX   VBOXCPUT 00000002 INTL 20100528)
[    0.000000] No NUMA configuration found
[    0.000000] Faking a node at [mem 0x0000000000000000-0x000000001ffeffff]
[    0.000000] NODE_DATA(0) allocated [mem 0x1ffeb000-0x1ffeffff]
[    0.000000] kvm-clock: Using msrs 4b564d01 and 4b564d00
[    0.000000] kvm-clock: cpu 0, msr 0:1ffe3001, primary cpu clock
[    0.000000] kvm-clock: using sched offset of 3554245097 cycles
[    0.000000] clocksource: kvm-clock: mask: 0xffffffffffffffff max_cycles: 0x1cd42e4dffb, max_idle_ns: 881590591483 ns
[    0.000000] Zone ranges:
[    0.000000]   DMA      [mem 0x0000000000001000-0x0000000000ffffff]
[    0.000000]   DMA32    [mem 0x0000000001000000-0x000000001ffeffff]
[    0.000000]   Normal   empty
[    0.000000]   Device   empty
[    0.000000] Movable zone start for each node
[    0.000000] Early memory node ranges
[    0.000000]   node   0: [mem 0x0000000000001000-0x000000000009efff]
[    0.000000]   node   0: [mem 0x0000000000100000-0x000000001ffeffff]
[    0.000000] Initmem setup node 0 [mem 0x0000000000001000-0x000000001ffeffff]
[    0.000000] ACPI: PM-Timer IO Port: 0x4008
[    0.000000] IOAPIC[0]: apic_id 2, version 32, address 0xfec00000, GSI 0-23
[    0.000000] ACPI: INT_SRC_OVR (bus 0 bus_irq 0 global_irq 2 dfl dfl)
[    0.000000] ACPI: INT_SRC_OVR (bus 0 bus_irq 9 global_irq 9 low level)
[    0.000000] Using ACPI (MADT) for SMP configuration information
[    0.000000] smpboot: Allowing 2 CPUs, 0 hotplug CPUs
[    0.000000] PM: Registered nosave memory: [mem 0x00000000-0x00000fff]
[    0.000000] PM: Registered nosave memory: [mem 0x0009f000-0x0009ffff]
[    0.000000] PM: Registered nosave memory: [mem 0x000a0000-0x000effff]
[    0.000000] PM: Registered nosave memory: [mem 0x000f0000-0x000fffff]
[    0.000000] e820: [mem 0x20000000-0xfebfffff] available for PCI devices
[    0.000000] Booting paravirtualized kernel on KVM
[    0.000000] clocksource: refined-jiffies: mask: 0xffffffff max_cycles: 0xffffffff, max_idle_ns: 7645519600211568 ns
[    0.000000] setup_percpu: NR_CPUS:512 nr_cpumask_bits:512 nr_cpu_ids:2 nr_node_ids:1
[    0.000000] PERCPU: Embedded 33 pages/cpu @ffff88001fc00000 s95192 r8192 d31784 u1048576
[    0.000000] Built 1 zonelists in Node order, mobility grouping on.  Total pages: 128888
[    0.000000] Policy zone: DMA32
[    0.000000] Kernel command line: BOOT_IMAGE=/boot/vmlinuz-4.4.0-210-generic root=LABEL=cloudimg-rootfs ro console=tty1 console=ttyS0
[    0.000000] PID hash table entries: 2048 (order: 2, 16384 bytes)
[    0.000000] Memory: 481712K/523832K available (8644K kernel code, 1332K rwdata, 4044K rodata, 1492K init, 1164K bss, 42120K reserved, 0K cma-reserved)
[    0.000000] SLUB: HWalign=64, Order=0-3, MinObjects=0, CPUs=2, Nodes=1
[    0.000000] Kernel/User page tables isolation: enabled
[    0.000000] Hierarchical RCU implementation.
[    0.000000] 	Build-time adjustment of leaf fanout to 64.
[    0.000000] 	RCU restricting CPUs from NR_CPUS=512 to nr_cpu_ids=2.
[    0.000000] RCU: Adjusting geometry for rcu_fanout_leaf=64, nr_cpu_ids=2
[    0.000000] NR_IRQS:33024 nr_irqs:440 16
[    0.000000] Console: colour VGA+ 80x25
[    0.000000] console [tty1] enabled
[    0.000000] console [ttyS0] enabled
[    0.000000] tsc: Detected 2208.000 MHz processor
[    0.158553] Calibrating delay loop (skipped) preset value.. 4416.00 BogoMIPS (lpj=8832000)
[    0.160514] pid_max: default: 32768 minimum: 301
[    0.161767] ACPI: Core revision 20150930
[    0.164383] ACPI: 2 ACPI AML tables successfully acquired and loaded
[    0.165948] Security Framework initialized
[    0.166934] Yama: becoming mindful.
[    0.167837] AppArmor: AppArmor initialized
[    0.168869] Dentry cache hash table entries: 65536 (order: 7, 524288 bytes)
[    0.170558] Inode-cache hash table entries: 32768 (order: 6, 262144 bytes)
[    0.171994] Mount-cache hash table entries: 1024 (order: 1, 8192 bytes)
[    0.173811] Mountpoint-cache hash table entries: 1024 (order: 1, 8192 bytes)
[    0.175597] Initializing cgroup subsys io
[    0.176567] Initializing cgroup subsys memory
[    0.177635] Initializing cgroup subsys devices
[    0.178659] Initializing cgroup subsys freezer
[    0.179676] Initializing cgroup subsys net_cls
[    0.180691] Initializing cgroup subsys perf_event
[    0.181832] Initializing cgroup subsys net_prio
[    0.182950] Initializing cgroup subsys hugetlb
[    0.183965] Initializing cgroup subsys pids
[    0.185923] mce: CPU supports 0 MCE banks
[    0.186994] Last level iTLB entries: 4KB 64, 2MB 8, 4MB 8
[    0.188169] Last level dTLB entries: 4KB 64, 2MB 0, 4MB 0, 1GB 4
[    0.189607] Spectre V1 : Mitigation: usercopy/swapgs barriers and __user pointer sanitization
[    0.191652] Spectre V2 : Mitigation: Full generic retpoline
[    0.192838] Spectre V2 : Spectre v2 / SpectreRSB mitigation: Filling RSB on context switch
[    0.194919] Speculative Store Bypass: Vulnerable
[    0.195967] SRBDS: Unknown: Dependent on hypervisor status
[    0.197279] MDS: Mitigation: Clear CPU buffers
[    0.201112] Freeing SMP alternatives memory: 36K
[    0.208104] ftrace: allocating 32380 entries in 127 pages
[    0.265988] smpboot: APIC(0) Converting physical 0 to logical package 0
[    0.267638] smpboot: Max logical packages: 1
[    0.268951] x2apic enabled
[    0.270013] Switched APIC routing to physical x2apic.
[    0.272508] ..TIMER: vector=0x30 apic1=0 pin1=2 apic2=-1 pin2=-1
[    0.382029] smpboot: CPU0: Intel(R) Core(TM) i7-8750H CPU @ 2.20GHz (family: 0x6, model: 0x9e, stepping: 0xa)
[    0.384561] Performance Events: unsupported p6 CPU model 158 no PMU driver, software events only.
[    0.396671] KVM setup paravirtual spinlock
[    0.398240] x86: Booting SMP configuration:
[    0.399255] .... node  #0, CPUs:      #1
[    0.400466] kvm-clock: cpu 1, msr 0:1ffe3041, secondary cpu clock
[    0.402381] mce: CPU supports 0 MCE banks
[    0.404973] x86: Booted up 1 node, 2 CPUs
[    0.406312] smpboot: Total of 2 processors activated (8832.00 BogoMIPS)
[    0.411851] devtmpfs: initialized
[    0.414141] evm: security.selinux
[    0.415029] evm: security.SMACK64
[    0.415902] evm: security.SMACK64EXEC
[    0.416824] evm: security.SMACK64TRANSMUTE
[    0.417841] evm: security.SMACK64MMAP
[    0.418763] evm: security.ima
[    0.419594] evm: security.capability
[    0.420667] clocksource: jiffies: mask: 0xffffffff max_cycles: 0xffffffff, max_idle_ns: 7645041785100000 ns
[    0.422814] futex hash table entries: 512 (order: 3, 32768 bytes)
[    0.424253] pinctrl core: initialized pinctrl subsystem
[    0.425494] RTC time: 21:49:52, date: 03/31/22
[    0.426815] NET: Registered protocol family 16
[    0.443080] cpuidle: using governor ladder
[    0.457145] cpuidle: using governor menu
[    0.458178] PCCT header not found.
[    0.459133] ACPI: bus type PCI registered
[    0.460108] acpiphp: ACPI Hot Plug PCI Controller Driver version: 0.5
[    0.461560] PCI: Using configuration type 1 for base access
[    0.476876] ACPI: Added _OSI(Module Device)
[    0.478387] ACPI: Added _OSI(Processor Device)
[    0.479475] ACPI: Added _OSI(3.0 _SCP Extensions)
[    0.480562] ACPI: Added _OSI(Processor Aggregator Device)
[    0.482456] ACPI: Executed 1 blocks of module-level executable AML code
[    0.486068] ACPI: Interpreter enabled
[    0.487037] ACPI: (supports S0 S5)
[    0.487906] ACPI: Using IOAPIC for interrupt routing
[    0.489605] PCI: Using host bridge windows from ACPI; if necessary, use "pci=nocrs" and report a bug
[    0.495402] ACPI: PCI Root Bridge [PCI0] (domain 0000 [bus 00-ff])
[    0.496673] acpi PNP0A03:00: _OSC: OS supports [ASPM ClockPM Segments MSI]
[    0.498432] acpi PNP0A03:00: _OSC: not requesting OS control; OS requires [ExtendedConfig ASPM ClockPM MSI]
[    0.500476] acpi PNP0A03:00: fail to add MMCONFIG information, can't access extended PCI configuration space under this bridge.
[    0.503265] PCI host bridge to bus 0000:00
[    0.504341] pci_bus 0000:00: root bus resource [io  0x0000-0x0cf7 window]
[    0.505937] pci_bus 0000:00: root bus resource [io  0x0d00-0xffff window]
[    0.507323] pci_bus 0000:00: root bus resource [mem 0x000a0000-0x000bffff window]
[    0.509093] pci_bus 0000:00: root bus resource [mem 0x20000000-0xfdffffff window]
[    0.510858] pci_bus 0000:00: root bus resource [bus 00-ff]
[    0.513874] pci 0000:00:01.1: legacy IDE quirk: reg 0x10: [io  0x01f0-0x01f7]
[    0.515307] pci 0000:00:01.1: legacy IDE quirk: reg 0x14: [io  0x03f6]
[    0.516693] pci 0000:00:01.1: legacy IDE quirk: reg 0x18: [io  0x0170-0x0177]
[    0.529905] pci 0000:00:01.1: legacy IDE quirk: reg 0x1c: [io  0x0376]
[    0.540567] pci 0000:00:07.0: quirk: [io  0x4000-0x403f] claimed by PIIX4 ACPI
[    0.542328] pci 0000:00:07.0: quirk: [io  0x4100-0x410f] claimed by PIIX4 SMB
[    0.549523] ACPI: PCI Interrupt Link [LNKA] (IRQs 5 9 10 *11)
[    0.551634] ACPI: PCI Interrupt Link [LNKB] (IRQs 5 9 *10 11)
[    0.553687] ACPI: PCI Interrupt Link [LNKC] (IRQs 5 *9 10 11)
[    0.556020] ACPI: PCI Interrupt Link [LNKD] (IRQs 5 9 10 *11)
[    0.558461] ACPI: Enabled 2 GPEs in block 00 to 07
[    0.560417] vgaarb: setting as boot device: PCI:0000:00:02.0
[    0.561649] vgaarb: device added: PCI:0000:00:02.0,decodes=io+mem,owns=io+mem,locks=none
[    0.563603] vgaarb: loaded
[    0.564348] vgaarb: bridge control possible 0000:00:02.0
[    0.565832] SCSI subsystem initialized
[    0.567003] ACPI: bus type USB registered
[    0.567996] usbcore: registered new interface driver usbfs
[    0.569221] usbcore: registered new interface driver hub
[    0.570375] usbcore: registered new device driver usb
[    0.571835] PCI: Using ACPI for IRQ routing
[    0.573140] NetLabel: Initializing
[    0.574202] NetLabel:  domain hash size = 128
[    0.575273] NetLabel:  protocols = UNLABELED CIPSOv4
[    0.576415] NetLabel:  unlabeled traffic allowed by default
[    0.577744] amd_nb: Cannot enumerate AMD northbridges
[    0.578926] clocksource: Switched to clocksource kvm-clock
[    0.587491] AppArmor: AppArmor Filesystem Enabled
[    0.588742] pnp: PnP ACPI init
[    0.590362] pnp: PnP ACPI: found 3 devices
[    0.601209] clocksource: acpi_pm: mask: 0xffffff max_cycles: 0xffffff, max_idle_ns: 2085701024 ns
[    0.603345] NET: Registered protocol family 2
[    0.604550] TCP established hash table entries: 4096 (order: 3, 32768 bytes)
[    0.606018] TCP bind hash table entries: 4096 (order: 4, 65536 bytes)
[    0.607530] TCP: Hash tables configured (established 4096 bind 4096)
[    0.608919] UDP hash table entries: 256 (order: 1, 8192 bytes)
[    0.610190] UDP-Lite hash table entries: 256 (order: 1, 8192 bytes)
[    0.611710] NET: Registered protocol family 1
[    0.612778] pci 0000:00:00.0: Limiting direct PCI/PCI transfers
[    0.614067] pci 0000:00:01.0: Activating ISA DMA hang workarounds
[    0.618062] Unpacking initramfs...
[    0.819010] Freeing initrd memory: 14888K
[    0.820132] clocksource: tsc: mask: 0xffffffffffffffff max_cycles: 0x1fd3b81b95f, max_idle_ns: 440795257325 ns
[    0.822310] platform rtc_cmos: registered platform RTC device (no PNP device found)
[    0.824157] Scanning for low memory corruption every 60 seconds
[    0.826009] audit: initializing netlink subsys (disabled)
[    0.827166] audit: type=2000 audit(1648763398.749:1): initialized
[    0.828693] Initialise system trusted keyring
[    0.829959] HugeTLB registered 2 MB page size, pre-allocated 0 pages
[    0.832414] zbud: loaded
[    0.833492] VFS: Disk quotas dquot_6.6.0
[    0.834440] VFS: Dquot-cache hash table entries: 512 (order 0, 4096 bytes)
[    0.836020] squashfs: version 4.0 (2009/01/31) Phillip Lougher
[    0.837641] fuse init (API version 7.23)
[    0.838796] Key type big_key registered
[    0.839744] Allocating IMA MOK and blacklist keyrings.
[    0.842945] Key type asymmetric registered
[    0.843898] Asymmetric key parser 'x509' registered
[    0.844983] Block layer SCSI generic (bsg) driver version 0.4 loaded (major 249)
[    0.846732] io scheduler noop registered
[    0.847681] io scheduler deadline registered (default)
[    0.848807] io scheduler cfq registered
[    0.849766] pci_hotplug: PCI Hot Plug PCI Core version: 0.5
[    0.850939] pciehp: PCI Express Hot Plug Controller Driver version: 0.4
[    0.852398] ACPI: AC Adapter [AC] (on-line)
[    0.853396] input: Power Button as /devices/LNXSYSTM:00/LNXPWRBN:00/input/input0
[    0.855103] ACPI: Power Button [PWRF]
[    0.856033] input: Sleep Button as /devices/LNXSYSTM:00/LNXSLPBN:00/input/input1
[    0.857718] ACPI: Sleep Button [SLPF]
[    0.858833] GHES: HEST is not enabled!
[    0.859490] ACPI: Battery Slot [BAT0] (battery present)
[    0.861053] Serial: 8250/16550 driver, 32 ports, IRQ sharing enabled
[    0.882962] 00:02: ttyS0 at I/O 0x3f8 (irq = 4, base_baud = 115200) is a 16550A
[    0.888083] Linux agpgart interface v0.103
[    0.890897] loop: module loaded
[    0.892285] scsi host0: ata_piix
[    0.893195] scsi host1: ata_piix
[    0.894045] ata1: PATA max UDMA/33 cmd 0x1f0 ctl 0x3f6 bmdma 0xd000 irq 14
[    0.895557] ata2: PATA max UDMA/33 cmd 0x170 ctl 0x376 bmdma 0xd008 irq 15
[    0.897324] libphy: Fixed MDIO Bus: probed
[    0.898283] tun: Universal TUN/TAP device driver, 1.6
[    0.899467] tun: (C) 1999-2004 Max Krasnyansky <maxk@qualcomm.com>
[    0.901021] PPP generic driver version 2.4.2
[    0.902164] ehci_hcd: USB 2.0 'Enhanced' Host Controller (EHCI) Driver
[    0.903585] ehci-pci: EHCI PCI platform driver
[    0.904598] ehci-platform: EHCI generic platform driver
[    0.905966] ohci_hcd: USB 1.1 'Open' Host Controller (OHCI) Driver
[    0.907383] ohci-pci: OHCI PCI platform driver
[    0.908954] ohci-platform: OHCI generic platform driver
[    0.910310] uhci_hcd: USB Universal Host Controller Interface driver
[    0.911801] i8042: PNP: PS/2 Controller [PNP0303:PS2K,PNP0f03:PS2M] at 0x60,0x64 irq 1,12
[    0.914096] serio: i8042 KBD port at 0x60,0x64 irq 1
[    0.915164] serio: i8042 AUX port at 0x60,0x64 irq 12
[    0.916589] mousedev: PS/2 mouse device common for all mice
[    0.918340] input: AT Translated Set 2 keyboard as /devices/platform/i8042/serio0/input/input2
[    0.920842] rtc_cmos rtc_cmos: rtc core: registered rtc_cmos as rtc0
[    0.922353] rtc_cmos rtc_cmos: alarms up to one day, 114 bytes nvram
[    0.923915] i2c /dev entries driver
[    0.924829] device-mapper: uevent: version 1.0.3
[    0.925992] device-mapper: ioctl: 4.34.0-ioctl (2015-10-28) initialised: dm-devel@redhat.com
[    0.928365] ledtrig-cpu: registered to indicate activity on CPUs
[    0.930523] NET: Registered protocol family 10
[    0.931825] NET: Registered protocol family 17
[    0.932930] Key type dns_resolver registered
[    0.934872] registered taskstats version 1
[    0.935917] Loading compiled-in X.509 certificates
[    0.937420] Loaded X.509 cert 'Build time autogenerated kernel key: cf00e047681d67edb2720680708b7d9498083038'
[    0.941003] zswap: loaded using pool lzo/zbud
[    0.944473] Key type trusted registered
[    0.948642] Key type encrypted registered
[    0.949730] AppArmor: AppArmor sha1 policy hashing enabled
[    0.951087] ima: No TPM chip found, activating TPM-bypass!
[    0.952501] ima: Allocated hash algorithm: sha1
[    0.953584] evm: HMAC attrs: 0x1
[    0.954993]   Magic number: 14:328:855
[    0.956207] rtc_cmos rtc_cmos: setting system clock to 2022-03-31 21:49:53 UTC (1648763393)
[    0.958377] BIOS EDD facility v0.16 2004-Jun-25, 0 devices found
[    0.960040] EDD information not available.
[    1.074983] Freeing unused kernel memory: 1492K
[    1.076090] Write protecting the kernel read-only data: 14336k
[    1.077934] Freeing unused kernel memory: 1584K
[    1.079192] Freeing unused kernel memory: 52K
Loading, please wait...
starting version 229
[    1.093645] random: systemd-udevd: uninitialized urandom read (16 bytes read, 3 bits of entropy available)
[    1.094097] random: udevadm: uninitialized urandom read (16 bytes read, 3 bits of entropy available)
[    1.094113] random: udevadm: uninitialized urandom read (16 bytes read, 3 bits of entropy available)
[    1.102813] random: systemd-udevd: uninitialized urandom read (16 bytes read, 3 bits of entropy available)
[    1.104201] random: udevadm: uninitialized urandom read (16 bytes read, 3 bits of entropy available)
[    1.104237] random: udevadm: uninitialized urandom read (16 bytes read, 3 bits of entropy available)
[    1.104361] random: udevadm: uninitialized urandom read (16 bytes read, 3 bits of entropy available)
[    1.104405] random: udevadm: uninitialized urandom read (16 bytes read, 3 bits of entropy available)
[    1.104450] random: udevadm: uninitialized urandom read (16 bytes read, 3 bits of entropy available)
[    1.104495] random: udevadm: uninitialized urandom read (16 bytes read, 3 bits of entropy available)
[    1.151821] e1000: Intel(R) PRO/1000 Network Driver - version 7.3.21-k8-NAPI
[    1.153383] e1000: Copyright (c) 1999-2006 Intel Corporation.
[    1.154793] Fusion MPT base driver 3.04.20
[    1.155841] Copyright (c) 1999-2008 LSI Corporation
[    1.164101] Fusion MPT SPI Host driver 3.04.20
[    1.176535] AVX2 version of gcm_enc/dec engaged.
[    1.177625] AES CTR mode by8 optimization enabled
[    1.364331] input: ImExPS/2 Generic Explorer Mouse as /devices/platform/i8042/serio1/input/input4
[    1.525803] e1000 0000:00:03.0 eth0: (PCI:33MHz:32-bit) 02:be:82:6b:cc:1d
[    1.527231] e1000 0000:00:03.0 eth0: Intel(R) PRO/1000 Network Connection
[    1.529493] mptbase: ioc0: Initiating bringup
[    1.591894] ioc0: LSI53C1030 A0: Capabilities={Initiator}
[    1.754002] scsi host2: ioc0: LSI53C1030 A0, FwRev=00000000h, Ports=1, MaxQ=256, IRQ=20
[    1.871450] scsi 2:0:0:0: Direct-Access     VBOX     HARDDISK         1.0  PQ: 0 ANSI: 5
[    1.873350] scsi target2:0:0: Beginning Domain Validation
[    1.876769] scsi target2:0:0: Domain Validation skipping write tests
[    1.878107] scsi target2:0:0: Ending Domain Validation
[    1.879390] scsi target2:0:0: asynchronous
[    1.881346] scsi 2:0:1:0: Direct-Access     VBOX     HARDDISK         1.0  PQ: 0 ANSI: 5
[    1.883791] scsi target2:0:1: Beginning Domain Validation
[    1.885839] scsi target2:0:1: Domain Validation skipping write tests
[    1.887203] scsi target2:0:1: Ending Domain Validation
[    1.888599] scsi target2:0:1: asynchronous
[    1.915605] sd 2:0:0:0: Attached scsi generic sg0 type 0
[    1.916990] sd 2:0:0:0: [sda] 83886080 512-byte logical blocks: (42.9 GB/40.0 GiB)
[    1.919181] sd 2:0:1:0: Attached scsi generic sg1 type 0
[    1.920817] sd 2:0:0:0: [sda] Write Protect is off
[    1.922058] sd 2:0:1:0: [sdb] 20480 512-byte logical blocks: (10.5 MB/10.0 MiB)
[    1.924057] sd 2:0:0:0: [sda] Incomplete mode parameter data
[    1.925408] sd 2:0:0:0: [sda] Assuming drive cache: write through
[    1.927038] sd 2:0:1:0: [sdb] Write Protect is off
[    1.928446] sd 2:0:1:0: [sdb] Incomplete mode parameter data
[    1.929703] sd 2:0:1:0: [sdb] Assuming drive cache: write through
[    1.932432]  sda: sda1
[    1.934714] sd 2:0:0:0: [sda] Attached SCSI disk
[    1.937274] sd 2:0:1:0: [sdb] Attached SCSI disk
[    2.239882] e1000 0000:00:08.0 eth1: (PCI:33MHz:32-bit) 08:00:27:7c:6d:e2
[    2.241323] e1000 0000:00:08.0 eth1: Intel(R) PRO/1000 Network Connection
[    2.243592] e1000 0000:00:03.0 enp0s3: renamed from eth0
[    2.255534] e1000 0000:00:08.0 enp0s8: renamed from eth1
Begin: Loading essential drivers ... [    3.665264] md: linear personality registered for level -1
[    3.668467] md: multipath personality registered for level -4
[    3.671580] md: raid0 personality registered for level 0
[    3.676165] md: raid1 personality registered for level 1
[    3.747033] raid6: sse2x1   gen() 12971 MB/s
[    3.815033] raid6: sse2x1   xor() 10045 MB/s
[    3.883067] raid6: sse2x2   gen() 16072 MB/s
[    3.951033] raid6: sse2x2   xor() 11399 MB/s
[    4.019026] raid6: sse2x4   gen() 17234 MB/s
[    4.087052] raid6: sse2x4   xor() 12218 MB/s
[    4.155028] raid6: avx2x1   gen() 24985 MB/s
[    4.223056] raid6: avx2x2   gen() 26380 MB/s
[    4.291030] raid6: avx2x4   gen() 30119 MB/s
[    4.292093] raid6: using algorithm avx2x4 gen() 30119 MB/s
[    4.293386] raid6: using avx2x2 recovery algorithm
[    4.295433] xor: automatically using best checksumming function:
[    4.335017]    avx       : 27416.000 MB/sec
[    4.337045] async_tx: api initialized (async)
[    4.345900] md: raid6 personality registered for level 6
[    4.347157] md: raid5 personality registered for level 5
[    4.348352] md: raid4 personality registered for level 4
[    4.354244] md: raid10 personality registered for level 10
done.
Begin: Running /scripts/init-premount ... done.
Begin: Mounting root file system ... Begin: Running /scripts/local-top ... done.
Begin: Running /scripts/local-premount ... [    4.381415] Btrfs loaded
Scanning for Btrfs filesystems
done.
Warning: fsck not present, so skipping root file system
[    4.416165] EXT4-fs (sda1): mounted filesystem with ordered data mode. Opts: (null)
done.
Begin: Running /scripts/local-bottom ... done.
Begin: Running /scripts/init-bottom ... done.
[    4.517380] systemd[1]: systemd 229 running in system mode. (+PAM +AUDIT +SELINUX +IMA +APPARMOR +SMACK +SYSVINIT +UTMP +LIBCRYPTSETUP +GCRYPT +GNUTLS +ACL +XZ -LZ4 +SECCOMP +BLKID +ELFUTILS +KMOD -IDN)
[    4.521223] systemd[1]: Detected virtualization oracle.
[    4.522388] systemd[1]: Detected architecture x86-64.

Welcome to [1mUbuntu 16.04.7 LTS[0m!

[    4.532051] systemd[1]: Set hostname to <ubuntu>.
[    4.537122] systemd[1]: Initializing machine ID from random generator.
[    4.538682] systemd[1]: Installed transient /etc/machine-id file.
[    4.686325] systemd[1]: Reached target Encrypted Volumes.
[[0;32m  OK  [0m] Reached target Encrypted Volumes.
[    4.695789] systemd[1]: Started Forward Password Requests to Wall Directory Watch.
[[0;32m  OK  [0m] Started Forward Password Requests to Wall Directory Watch.
[    4.698646] systemd[1]: Listening on Syslog Socket.
[[0;32m  OK  [0m] Listening on Syslog Socket.
[    4.700741] systemd[1]: Reached target System Time Synchronized.
[[0;32m  OK  [0m] Reached target System Time Synchronized.
[    4.703130] systemd[1]: Listening on /dev/initctl Compatibility Named Pipe.
[[0;32m  OK  [0m] Listening on /dev/initctl Compatibility Named Pipe.
[    4.705410] systemd[1]: Listening on fsck to fsckd communication Socket.
[[0;32m  OK  [0m] Listening on fsck to fsckd communication Socket.
[    4.715502] systemd[1]: Reached target User and Group Name Lookups.
[[0;32m  OK  [0m] Reached target User and Group Name Lookups.
[    4.718089] systemd[1]: Listening on Journal Socket.
[[0;32m  OK  [0m] Listening on Journal Socket.
[    4.727334] systemd[1]: Set up automount Arbitrary Executable File Formats File System Automount Point.
[[0;32m  OK  [0m] Set up automount Arbitrary Executab...ats File System Automount Point.
[    4.730563] systemd[1]: Started Trigger resolvconf update for networkd DNS.
[[0;32m  OK  [0m] Started Trigger resolvconf update for networkd DNS.
[    4.733086] systemd[1]: Listening on Journal Audit Socket.
[[0;32m  OK  [0m] Listening on Journal Audit Socket.
[    4.744288] systemd[1]: Listening on LVM2 metadata daemon socket.
[[0;32m  OK  [0m] Listening on LVM2 metadata daemon socket.
[    4.746543] systemd[1]: Listening on Device-mapper event daemon FIFOs.
[[0;32m  OK  [0m] Listening on Device-mapper event daemon FIFOs.
[    4.749162] systemd[1]: Listening on udev Control Socket.
[[0;32m  OK  [0m] Listening on udev Control Socket.
[    4.751129] systemd[1]: Reached target Swap.
[[0;32m  OK  [0m] Reached target Swap.
[    4.752924] systemd[1]: Listening on Journal Socket (/dev/log).
[[0;32m  OK  [0m] Listening on Journal Socket (/dev/log).
[    4.759705] systemd[1]: Listening on LVM2 poll daemon socket.
[[0;32m  OK  [0m] Listening on LVM2 poll daemon socket.
[    4.767517] systemd[1]: Created slice System Slice.
[[0;32m  OK  [0m] Created slice System Slice.
[    4.787178] systemd[1]: Starting Load Kernel Modules...
         Starting Load Kernel Modules...
[    4.789819] systemd[1]: Starting File System Check on Root Device...
         Starting File System Check on Root Device...
[    4.792771] systemd[1]: Starting Nameserver information manager...
         Starting Nameserver information manager...
[    4.801873] Loading iSCSI transport class v2.0-870.
[    4.803547] systemd[1]: Created slice system-serial\x2dgetty.slice.
[[0;32m  OK  [0m] Created slice system-serial\x2dgetty.slice.
[    4.806557] systemd[1]: Starting Journal Service...
         Starting Journal Service...
[    4.810703] systemd[1]: Mounting POSIX Message Queue File System...
         Mounting POSIX Message Queue File System...
[    4.813874] systemd[1]: Starting Monitoring of LVM2 mirrors, snapshots etc. using dmeventd or progress polling...
         Starting Monitoring of LVM2 mirrors... dmeventd or progress polling...
[    4.818802] systemd[1]: Starting Set console keymap...
         Starting Set console keymap...
[    4.821922] systemd[1]: Mounting Huge Pages File System...
         Mounting Huge Pages File System...
[    4.824692] systemd[1]: Mounting Debug File System...
         Mounting Debug File System...
[    4.826768] systemd[1]: Created slice User and Session Slice.
[    4.828453] iscsi: registered transport (tcp)
[[0;32m  OK  [0m] Created slice User and Session Slice.
[    4.835430] systemd[1]: Reached target Slices.
[[0;32m  OK  [0m] Reached target Slices.
[    4.859115] systemd[1]: Starting Uncomplicated firewall...
         Starting Uncomplicated firewall...
[    4.868251] iscsi: registered transport (iser)
[    4.871145] systemd[1]: Listening on udev Kernel Socket.
[[0;32m  OK  [0m] Listening on udev Kernel Socket.
[    4.907185] systemd[1]: Starting Create list of required static device nodes for the current kernel...
         Starting Create list of required st... nodes for the current kernel...
[    4.920847] systemd[1]: Mounted Huge Pages File System.
[[0;32m  OK  [0m] Mounted Huge Pages File System.
[    4.927656] systemd[1]: Mounted POSIX Message Queue File System.
[[0;32m  OK  [0m] Mounted POSIX Message Queue File System.
[    4.936123] systemd[1]: Mounted Debug File System.
[[0;32m  OK  [0m] Mounted Debug File System.
[    4.938156] systemd[1]: Started Journal Service.
[[0;32m  OK  [0m] Started Journal Service.
[[0;32m  OK  [0m] Started Load Kernel Modules.
[[0;32m  OK  [0m] Started File System Check on Root Device.
[[0;32m  OK  [0m] Started Set console keymap.
[[0;32m  OK  [0m] Started Uncomplicated firewall.
[[0;32m  OK  [0m] Started Create list of required sta...ce nodes for the current kernel.
[[0;32m  OK  [0m] Started Nameserver information manager.
[[0;32m  OK  [0m] Started File System Check Daemon to report status.
[[0;32m  OK  [0m] Started LVM2 metadata daemon.
         Starting Create Static Device Nodes in /dev...
         Starting Remount Root and Kernel File Systems...
         Mounting FUSE Control File System...
         Starting Apply Kernel Variables...
[[0;32m  OK  [0m] Mounted FUSE Control File System.
[    5.002294] EXT4-fs (sda1): re-mounted. Opts: (null)
[[0;32m  OK  [0m] Started Apply Kernel Variables.
[[0;32m  OK  [0m] Started Create Static Device Nodes in /dev.
[[0;32m  OK  [0m] Started Remount Root and Kernel File Systems.
         Starting udev Coldplug all Devices...
         Starting Load/Save Random Seed...
         Starting Flush Journal to Persistent Storage...
         Starting udev Kernel Device Manager...
[[0;32m  OK  [0m] Started Load/Save Random Seed.
[[0;32m  OK  [0m] Started Flush Journal to Persistent Storage.
[[0;32m  OK  [0m] Started udev Kernel Device Manager.
[[0;32m  OK  [0m] Started udev Coldplug all Devices.
[[0;32m  OK  [0m] Started Dispatch Password Requests to Console Directory Watch.
[[0;32m  OK  [0m] Found device /dev/ttyS0.
[[0;32m  OK  [0m] Listening on Load/Save RF Kill Switch Status /dev/rfkill Watch.
[[0;32m  OK  [0m] Started Monitoring of LVM2 mirrors,...ng dmeventd or progress polling.
[[0;32m  OK  [0m] Reached target Local File Systems (Pre).
[[0;32m  OK  [0m] Reached target Local File Systems.
         Starting Tell Plymouth To Write Out Runtime Data...
         Starting Initial cloud-init job (pre-networking)...
         Starting Create Volatile Files and Directories...
         Starting Set console font and keymap...
         Starting Commit a transient machine-id on disk...
         Starting LSB: AppArmor initialization...
[[0;32m  OK  [0m] Started Tell Plymouth To Write Out Runtime Data.
[[0;32m  OK  [0m] Started Create Volatile Files and Directories.
[[0;32m  OK  [0m] Started Commit a transient machine-id on disk.
         Starting Update UTMP about System Boot/Shutdown...
[[0;32m  OK  [0m] Started Update UTMP about System Boot/Shutdown.
[[0;32m  OK  [0m] Started Set console font and keymap.
[[0;32m  OK  [0m] Created slice system-getty.slice.
[    6.747015] cloud-init[613]: Cloud-init v. 21.1-19-gbad84ad4-0ubuntu1~16.04.2 running 'init-local' at Thu, 31 Mar 2022 21:49:59 +0000. Up 6.29 seconds.
[[0;32m  OK  [0m] Started Initial cloud-init job (pre-networking).
[[0;32m  OK  [0m] Reached target Network (Pre).
[[0;32m  OK  [0m] Started LSB: AppArmor initialization.
         Starting Load AppArmor profiles managed internally by snapd...
         Starting Raise network interfaces...
[[0;32m  OK  [0m] Started Load AppArmor profiles managed internally by snapd.
[[0;32m  OK  [0m] Started Raise network interfaces.
         Starting Initial cloud-init job (metadata service crawler)...
[[0;32m  OK  [0m] Reached target Network.
[    8.369045] cloud-init[956]: Cloud-init v. 21.1-19-gbad84ad4-0ubuntu1~16.04.2 running 'init' at Thu, 31 Mar 2022 21:50:00 +0000. Up 7.85 seconds.
[    8.370415] cloud-init[956]: ci-info: ++++++++++++++++++++++++++++++++++++++Net device info+++++++++++++++++++++++++++++++++++++++
[    8.371663] cloud-init[956]: ci-info: +--------+-------+----------------------------+---------------+--------+-------------------+
[    8.372884] cloud-init[956]: ci-info: | Device |   Up  |          Address           |      Mask     | Scope  |     Hw-Address    |
[    8.374162] cloud-init[956]: ci-info: +--------+-------+----------------------------+---------------+--------+-------------------+
[    8.375400] cloud-init[956]: ci-info: | enp0s3 |  True |         10.0.2.15          | 255.255.255.0 | global | 02:be:82:6b:cc:1d |
[    8.380442] cloud-init[956]: ci-info: | enp0s3 |  True | fe80::be:82ff:fe6b:cc1d/64 |       .       |  link  | 02:be:82:6b:cc:1d |
[    8.388507] cloud-init[956]: ci-info: | enp0s8 | False |             .              |       .       |   .    | 08:00:27:7c:6d:e2 |
[    8.390195] cloud-init[956]: ci-info: |   lo   |  True |         127.0.0.1          |   255.0.0.0   |  host  |         .         |
[    8.396472] cloud-init[956]: ci-info: |   lo   |  True |          ::1/128           |       .       |  host  |         .         |
[    8.398114] cloud-init[956]: ci-info: +--------+-------+----------------------------+---------------+--------+-------------------+
[    8.399699] cloud-init[956]: ci-info: +++++++++++++++++++++++++++Route IPv4 info++++++++++++++++++++++++++++
[    8.401220] cloud-init[956]: ci-info: +-------+-------------+----------+---------------+-----------+-------+
[    8.408444] cloud-init[956]: ci-info: | Route | Destination | Gateway  |    Genmask    | Interface | Flags |
[    8.416676] cloud-init[956]: ci-info: +-------+-------------+----------+---------------+-----------+-------+
[    8.417743] cloud-init[956]: ci-info: |   0   |   0.0.0.0   | 10.0.2.2 |    0.0.0.0    |   enp0s3  |   UG  |
[    8.418938] cloud-init[956]: ci-info: |   1   |   10.0.2.0  | 0.0.0.0  | 255.255.255.0 |   enp0s3  |   U   |
[    8.424622] cloud-init[956]: ci-info: +-------+-------------+----------+---------------+-----------+-------+
[    8.425833] cloud-init[956]: ci-info: +++++++++++++++++++Route IPv6 info+++++++++++++++++++
[    8.436330] cloud-init[956]: ci-info: +-------+-------------+---------+-----------+-------+
[[0;32m  OK  [0m] Started Initial cloud-init job (metadata service crawler).
[    8.436523] cloud-init[956]: ci-info: | Route | Destination | Gateway | Interface | Flags |
[    8.448941] cloud-init[956]: ci-info: +-------+-------------+---------+-----------+-------+
[    8.449182] cloud-init[956]: ci-info: |   0   |  fe80::/64  |    ::   |   enp0s3  |   U   |
[    8.449384] cloud-init[956]: ci-info: |   3   |   ff00::/8  |    ::   |   enp0s3  |   U   |
[    8.449734] cloud-init[956]: ci-info: +-------+-------------+---------+-----------+-------+
[    8.449920] cloud-init[956]: Generating public/private rsa key pair.
[    8.450104] cloud-init[956]: Your identification has been saved in /etc/ssh/ssh_host_rsa_key.
[    8.450306] cloud-init[956]: Your public key has been saved in /etc/ssh/ssh_host_rsa_key.pub.
[[0;32m  OK  [0m] Reached target System Initialization.
[[    8.450340] [0;32m  OK  [0mcloud-init] [956]: Started Daily Cleanup of Temporary Directories.The key fingerprint is:

[    8.464820] cloud-init[956]: SHA256:eYA1cwTBB49ZOkqMV+9O1VbxTYrcFtGP4dkj7H0o6ik root@ubuntu-xenial
[    8.464988] [cloud-init[0;32m  OK  [0m[956]: ] The key's randomart image is:Listening on ACPID Listen Socket.

[    8.465038] cloud-init[956]: +---[RSA 2048]----+
[    8.484222] cloud-init[956]: |       .O=+   o++|
[    8.484465] cloud-init[956]: |     o +.@.. +.=+|[
[0;32m  OK  [0m] Started ACPI Events Check.
[[    8.484512] [0;32m  OK  [0mcloud-init] [956]: Reached target Paths.|    . = *.o =.*=+|

[    8.486479] cloud-init[956]: |     o . = . =+.o|
[    8.486638] [cloud-init[0;32m  OK  [0m[956]: ] |      . S + . o..|Started Ubuntu Advantage update messaging.

[    8.486684] cloud-init[956]: |         +  .....|
[    8.501215] cloud-init[956]: |          .. .  .|
[    8.501458] cloud-init[956]: |        E ..     |
         Starting LXD - unix socket.
[    8.501510] cloud-init[956]: |         oo      |
[[0;32m  OK  [0m] Listening on D-Bus System Message Bus Socket.
[    8.502854] cloud-init[956]: +----[SHA256]-----+
[[0;32m  OK  [0m] Listening on UUID daemon activation socket.[    8.503971] 
cloud-init[956]: Generating public/private dsa key pair.
[    8.505181] cloud-init[956]: Your identification has been saved in /etc/ssh/ssh_host_dsa_key.
[    8.505400] [cloud-init[0;32m  OK  [0m[956]: ] Your public key has been saved in /etc/ssh/ssh_host_dsa_key.pub.Started Message of the Day.

[    8.505446] cloud-init[956]: The key fingerprint is:
         [    8.507878] cloud-init[956]: SHA256:uhLNJcL5Qbq6/O5+BSyWhPOJ+afZYEzHIlJjVkISMPI root@ubuntu-xenial
[    8.507977] cloud-init[956]: The key's randomart image is:
[    8.508357] cloud-init[956]: +---[DSA 1024]----+
[    8.508495] cloud-init[956]: |Booo.            |
[    8.508746] cloud-init[956]: |.+B.. .          |
[    8.508873] cloud-init[956]: | +EO O           |
[    8.509129] cloud-init[956]: |. + & B .        |
[    8.509404] cloud-init[956]: | . * X =S        |
[    8.509643] cloud-init[956]: |    B =..        |
[    8.509903] cloud-init[956]: |   o B..         |
[    8.510152] cloud-init[956]: | .. + o.         |
[    8.510545] cloud-init[956]: |  o*=o.          |
[    8.510665] cloud-init[956]: +----[SHA256]-----+
[    8.510916] cloud-init[956]: Generating public/private ecdsa key pair.
[    8.511172] cloud-init[956]: Your identification has been saved in /etc/ssh/ssh_host_ecdsa_key.
[    8.511559] cloud-init[956]: Your public key has been saved in /etc/ssh/ssh_host_ecdsa_key.pub.
[    8.511793] cloud-init[956]: The key fingerprint is:
[    8.512313] cloud-init[956]: SHA256:w5mItQihWLZOYGp1aBLPruwjZpBPTjPL/SYHJtSnHb0 root@ubuntu-xenial
[    8.512674] cloud-init[956]: The key's randomart image is:
[    8.512922] cloud-init[956]: +---[ECDSA 256]---+
[    8.513174] cloud-init[956]: |.o=...           |
[    8.513440] cloud-init[956]: |+*+=.            |
[    8.513688] cloud-init[956]: |+.*+  ..         |
[    8.513807] cloud-init[956]: |.oo..+o+.o       |
[    8.513949] cloud-init[956]: | o..o+o.S.       |
[    8.514203] cloud-init[956]: |+ B + . E.       |
[    8.514598] cloud-init[956]: |.O B .           |
[    8.514711] cloud-init[956]: |o+= o o          |
[    8.514958] cloud-init[956]: |+..  =.          |
[    8.515208] cloud-init[956]: +----[SHA256]-----+
[    8.515566] cloud-init[956]: Generating public/private ed25519 key pair.
[    8.515819] cloud-init[956]: Your identification has been saved in /etc/ssh/ssh_host_ed25519_key.
[    8.516229] cloud-init[956]: Your public key has been saved in /etc/ssh/ssh_host_ed25519_key.pub.
[    8.516466] cloud-init[956]: The key fingerprint is:
[    8.516730] cloud-init[956]: SHA256:N/RDF3aTrRdmdYRgCJydekHzVZ6KooxOYHy2PSKz8Mw root@ubuntu-xenial
[    8.516985] cloud-init[956]: The key's randomart image is:
[    8.517367] cloud-init[956]: +--[ED25519 256]--+
[    8.517614] cloud-init[956]: |       ..=ooo.+=X|
[    8.517858] cloud-init[956]: |        o =+ o.O=|
[    8.518258] cloud-init[956]: |         ...o +oo|
[    8.518460] cloud-init[956]: |  .     ...o..o .|
[    8.518710] cloud-init[956]: |   + o  Soo.o. . |
[    8.518964] cloud-init[956]: |  . + = .... .   |
[    8.519360] cloud-init[956]: | . o = =         |
[    8.519484] cloud-init[956]: |  = * . .        |
[    8.519737] cloud-init[956]: |   E .           |
[    8.519986] cloud-init[956]: +----[SHA256]-----+
Starting Socket activation for snappy daemon.
[[0;32m  OK  [0m] Started Daily apt download activities.
[[0;32m  OK  [0m] Started Daily apt upgrade and clean activities.
[[0;32m  OK  [0m] Reached target Timers.
[[0;32m  OK  [0m] Reached target Cloud-config availability.
[[0;32m  OK  [0m] Reached target Network is Online.
         Starting iSCSI initiator daemon (iscsid)...
[[0;32m  OK  [0m] Listening on LXD - unix socket.
[[0;32m  OK  [0m] Listening on Socket activation for snappy daemon.
[[0;32m  OK  [0m] Reached target Sockets.
[[0;32m  OK  [0m] Reached target Basic System.
[[0;32m  OK  [0m] Started D-Bus System Message Bus.
         Starting System Logging Service...
[[0;32m  OK  [0m] Started ACPI event daemon.
         Starting Login Service...
         Starting Accounts Service...
[[0;32m  OK  [0m] Started Regular background program processing daemon.
[[0;32m  OK  [0m] Started Deferred execution scheduler.
[[0;32m  OK  [0m] Started FUSE filesystem for LXC.
         Starting /etc/rc.local Compatibility...
         Starting Pollinate to seed the pseudo random number generator...
         Starting LSB: Record successful boot for GRUB...
         Starting LSB: MD monitoring daemon...
         Starting Virtualbox guest utils...
         Starting Snap Daemon...
         Starting LXD - container startup/shutdown...
[[0;32m  OK  [0m] Started System Logging Service.
[[0;32m  OK  [0m] Started /etc/rc.local Compatibility.
[[0;32m  OK  [0m] Started iSCSI initiator daemon (iscsid).
         Starting Authenticate and Authorize Users to Run Privileged Tasks...
         Starting Login to default iSCSI targets...
[[0;32m  OK  [0m] Started LSB: Record successful boot for GRUB.
[[0;32m  OK  [0m] Started Login Service.
[[0;32m  OK  [0m] Started Unattended Upgrades Shutdown.
[[0;32m  OK  [0m] Started LSB: MD monitoring daemon.
[[0;32m  OK  [0m] Started Authenticate and Authorize Users to Run Privileged Tasks.
[[0;32m  OK  [0m] Started Accounts Service.
[[0;32m  OK  [0m] Started Login to default iSCSI targets.
[[0;32m  OK  [0m] Reached target Remote File Systems (Pre).
[[0;32m  OK  [0m] Reached target Remote File Systems.
         Starting LSB: daemon to balance interrupts for SMP systems...
         Starting LSB: Set the CPU Frequency Scaling governor to "ondemand"...
         Starting Permit User Sessions...
         Starting LSB: automatic crash report generation...
[[0;32m  OK  [0m] Started Permit User Sessions.
[[0;32m  OK  [0m] Started LSB: Set the CPU Frequency Scaling governor to "ondemand".
         Starting Hold until boot process finishes up...
         Starting Terminate Plymouth Boot Screen...
[[0;32m  OK  [0m] Started LSB: automatic crash report generation.
[[0;32m  OK  [0m] Started Hold until boot process finishes up.
[[0;32m  OK  [0m] Started Terminate Plymouth Boot Screen.
         Starting Set console scheme...
[[0;32m  OK  [0m] Started Getty on tty1.
[[0;32m  OK  [0m] Started Serial Getty on ttyS0.
[[0;32m  OK  [0m] Reached target Login Prompts.
[[0;32m  OK  [0m] Started Virtualbox guest utils.
[[0;32m  OK  [0m] Started LSB: daemon to balance interrupts for SMP systems.
[[0;32m  OK  [0m] Started Set console scheme.
[[0;32m  OK  [0m] Started LXD - container startup/shutdown.
[[0;32m  OK  [0m] Started Snap Daemon.
         Starting Wait until snapd is fully seeded...
[[0;32m  OK  [0m] Started Pollinate to seed the pseudo random number generator.
         Starting OpenBSD Secure Shell server...
[[0;32m  OK  [0m] Started OpenBSD Secure Shell server.
[[0;32m  OK  [0m] Started Wait until snapd is fully seeded.
[[0;32m  OK  [0m] Reached target Multi-User System.
[[0;32m  OK  [0m] Reached target Graphical Interface.
         Starting Update UTMP about System Runlevel Changes...
         Starting Apply the settings specified in cloud-config...
[[0;32m  OK  [0m] Started Update UTMP about System Runlevel Changes.
[   10.099442] cloud-init[1294]: Generating locales (this might take a while)...
[   10.985738] cloud-init[1294]:   en_US.UTF-8... done
[   10.986506] cloud-init[1294]: Generation complete.
[   11.309251] cloud-init[1294]: Cloud-init v. 21.1-19-gbad84ad4-0ubuntu1~16.04.2 running 'modules:config' at Thu, 31 Mar 2022 21:50:02 +0000. Up 9.97 seconds.
[[0;32m  OK  [0m] Started Apply the settings specified in cloud-config.
         Starting Execute cloud user/final scripts...
ci-info: no authorized SSH keys fingerprints found for user ubuntu.
<14>Mar 31 21:50:04 ec2: 
<14>Mar 31 21:50:04 ec2: #############################################################
<14>Mar 31 21:50:04 ec2: -----BEGIN SSH HOST KEY FINGERPRINTS-----
<14>Mar 31 21:50:04 ec2: 1024 SHA256:uhLNJcL5Qbq6/O5+BSyWhPOJ+afZYEzHIlJjVkISMPI root@ubuntu-xenial (DSA)
<14>Mar 31 21:50:04 ec2: 256 SHA256:w5mItQihWLZOYGp1aBLPruwjZpBPTjPL/SYHJtSnHb0 root@ubuntu-xenial (ECDSA)
<14>Mar 31 21:50:04 ec2: 256 SHA256:N/RDF3aTrRdmdYRgCJydekHzVZ6KooxOYHy2PSKz8Mw root@ubuntu-xenial (ED25519)
<14>Mar 31 21:50:04 ec2: 2048 SHA256:eYA1cwTBB49ZOkqMV+9O1VbxTYrcFtGP4dkj7H0o6ik root@ubuntu-xenial (RSA)
<14>Mar 31 21:50:04 ec2: -----END SSH HOST KEY FINGERPRINTS-----
<14>Mar 31 21:50:04 ec2: #############################################################
-----BEGIN SSH HOST KEY KEYS-----
ecdsa-sha2-nistp256 AAAAE2VjZHNhLXNoYTItbmlzdHAyNTYAAAAIbmlzdHAyNTYAAABBBL0SgEuIfxwjZ1OU4Ss+INORxDdpnIRa/7mHNJV0ea4nbZl96j2A5+CCJQqIOSDz3EAwV1wkxx37XOct6gcec9k= root@ubuntu-xenial
ssh-ed25519 AAAAC3NzaC1lZDI1NTE5AAAAIJ6Upm5TBgL4q68gfdlfjNpvDR6g+r0uGoTYg5Tl9He7 root@ubuntu-xenial
ssh-rsa AAAAB3NzaC1yc2EAAAADAQABAAABAQDBNWnBvIRfaCBD+EqOhQPvE1MWuzEqMBXgF3iPRDz83kcu5zvCENg5rpmAWdB/Dw4LZZRuAzDATNp9pNw6b2OJBlgiMFrMmUBWnRSRKlC+S3PNHoaGukob43ogwIrHXA7ZFlig4BexvRbaGTQUyIYybpGfjjpbqozJFwAuWCYkl8QT6NTXEc3uM1BI6SZ3juIb0//0iv16lCBtiWQMExYX5uAdeSvfP3J4IfCoJWZNqt1AEb3IHaoYjGm8YSnKdXFjBXdUN8skw1dngy2NP0r6F8QjYgAKatsjFgEML2Wgcclb8dPheAF8BCXjDOOo9GmtpTQQ1yZogN/ISz8/DJ2H root@ubuntu-xenial
-----END SSH HOST KEY KEYS-----
[   11.872895] cloud-init[1335]: Cloud-init v. 21.1-19-gbad84ad4-0ubuntu1~16.04.2 running 'modules:final' at Thu, 31 Mar 2022 21:50:04 +0000. Up 11.68 seconds.
[   11.880445] cloud-init[1335]: ci-info: no authorized SSH keys fingerprints found for user ubuntu.
[   11.888358] cloud-init[1335]: Cloud-init v. 21.1-19-gbad84ad4-0ubuntu1~16.04.2 finished at Thu, 31 Mar 2022 21:50:04 +0000. Datasource DataSourceNoCloud [seed=/dev/sdb][dsmode=net].  Up 11.86 seconds
[[0;32m  OK  [0m] Created slice User Slice of vagrant.
         Starting User Manager for UID 1000...
[[0;32m  OK  [0m] Started Execute cloud user/final scripts.
[[0;32m  OK  [0m] Started Session 1 of user vagrant.
[[0;32m  OK  [0m] Reached target Cloud-init target.
[[0;32m  OK  [0m] Started User Manager for UID 1000.

Ubuntu 16.04.7 LTS ubuntu-xenial ttyS0

ubuntu-xenial login: 